2023-03-27 15:16:25.278 WARNING main - <module>: Inicio GeneticLog write!!!
2023-03-27 15:16:28.927 INFO main - button_clicked: Botón 3 pulsado.
2023-04-02 17:15:34.393 WARNING main - <module>: Inicio GeneticLog write!!!
2023-04-02 17:15:56.398 WARNING main - <module>: Inicio GeneticLog write!!!
2023-04-02 17:15:56.522 INFO main - button_clicked: Botón 3 pulsado.
2023-04-02 17:16:22.040 WARNING main - <module>: Inicio GeneticLog write!!!
2023-04-02 17:16:22.162 INFO main - button_clicked: Botón 3 pulsado.
2023-04-02 17:17:25.580 WARNING main - <module>: Inicio GeneticLog write!!!
2023-04-02 17:17:25.723 INFO main - button_clicked: Botón 3 pulsado.
2023-04-02 17:17:43.276 INFO main - <module>: 
2023-04-02 17:27:10.619 WARNING main - <module>: Inicio GeneticLog write!!!
2023-04-02 17:27:10.742 INFO main - button_clicked: Botón 3 pulsado.
2023-04-02 17:27:50.773 WARNING main - <module>: Inicio GeneticLog write!!!
2023-04-02 17:27:50.911 INFO main - button_clicked: Botón 3 pulsado.
2023-04-02 17:28:25.112 WARNING main - <module>: Inicio GeneticLog write!!!
2023-04-02 17:28:25.427 INFO main - button_clicked: Botón 3 pulsado.
2023-04-02 17:30:47.608 WARNING main - <module>: Inicio GeneticLog write!!!
2023-04-02 17:30:47.747 INFO main - button_clicked: Botón 3 pulsado.
2023-04-02 17:32:47.603 WARNING main - <module>: Inicio GeneticLog write!!!
2023-04-02 17:32:47.727 INFO main - button_clicked: Botón 3 pulsado.
2023-04-02 17:33:02.946 WARNING main - <module>: Inicio GeneticLog write!!!
2023-04-02 17:33:03.057 INFO main - button_clicked: Botón 3 pulsado.
2023-04-02 17:36:46.222 WARNING main - <module>: Inicio GeneticLog write!!!
2023-04-02 17:36:46.331 INFO main - button_clicked: Botón 3 pulsado.
2023-04-02 17:38:40.282 WARNING main - <module>: Inicio GeneticLog write!!!
2023-04-02 17:38:40.415 INFO main - button_clicked: Botón 3 pulsado.
2023-04-02 17:39:06.715 WARNING main - <module>: Inicio GeneticLog write!!!
2023-04-02 17:39:06.822 INFO main - button_clicked: Botón 3 pulsado.
2023-04-02 17:39:52.124 WARNING main - <module>: Inicio GeneticLog write!!!
2023-04-02 17:39:52.231 INFO main - button_clicked: Botón 3 pulsado.
2023-04-02 17:40:48.814 WARNING main - <module>: Inicio GeneticLog write!!!
2023-04-02 17:41:54.409 WARNING main - <module>: Inicio GeneticLog write!!!
2023-04-02 17:43:40.095 WARNING main - <module>: Inicio GeneticLog write!!!
2023-04-02 17:45:51.313 WARNING main - <module>: Inicio GeneticLog write!!!
2023-04-02 17:48:50.627 WARNING main - <module>: Inicio GeneticLog write!!!
2023-04-02 17:48:50.639 INFO main - button_clicked: Botón 3 pulsado.
2023-04-02 17:49:34.661 INFO main - <module>: 
2023-04-02 17:49:34.687 INFO main - <module>: Generation (out of 250): 0 
2023-04-02 17:52:06.855 WARNING main - <module>: Inicio GeneticLog write!!!
2023-04-02 17:52:06.868 INFO main - button_clicked: Botón 3 pulsado.
2023-04-02 17:53:23.725 WARNING main - <module>: Inicio GeneticLog write!!!
2023-04-02 18:03:04.882 WARNING main - <module>: Inicio GeneticLog write!!!
2023-04-02 18:44:12.516 WARNING main - <module>: Inicio GeneticLog write!!!
2023-04-02 18:45:32.671 WARNING main - <module>: Inicio GeneticLog write!!!
2023-04-02 18:45:32.684 INFO main - button_clicked: Botón 3 pulsado.
2023-04-02 18:47:03.398 INFO main - <module>: 
2023-04-02 18:47:03.427 INFO main - <module>: Generation (out of 250): 0 
2023-04-02 18:47:18.575 INFO main - <module>: Generation (out of 250): 10 
2023-04-02 18:47:36.552 WARNING main - <module>: Inicio GeneticLog write!!!
2023-04-02 18:47:36.566 INFO main - button_clicked: Botón 3 pulsado.
2023-04-02 18:48:21.436 WARNING main - <module>: Inicio GeneticLog write!!!
2023-04-02 18:48:21.448 INFO main - display: Valor: 20
2023-04-02 18:48:21.448 INFO main - button_clicked: Botón 3 pulsado.
2023-04-02 18:49:09.466 WARNING main - <module>: Inicio GeneticLog write!!!
2023-04-02 18:49:09.478 INFO main - display: Valor: 20
2023-04-02 18:49:09.478 INFO main - button_clicked: Botón 3 pulsado.
2023-04-02 18:52:09.579 WARNING main - <module>: Inicio GeneticLog write!!!
2023-04-02 18:52:09.592 INFO main - display: Valor: 20
2023-04-02 18:52:09.592 INFO main - button_clicked: Botón 3 pulsado.
2023-04-02 18:53:18.739 WARNING main - <module>: Inicio GeneticLog write!!!
2023-04-02 18:53:18.752 INFO main - display: Valor: 20
2023-04-02 18:53:18.752 INFO main - button_clicked: Botón 3 pulsado.
2023-04-02 18:54:10.089 WARNING main - <module>: Inicio GeneticLog write!!!
2023-04-02 18:54:10.102 INFO main - display: Valor: 20
2023-04-02 18:54:10.102 INFO main - button_clicked: Botón 3 pulsado.
2023-04-02 18:55:39.789 WARNING main - <module>: Inicio GeneticLog write!!!
2023-04-02 18:55:39.802 INFO main - display: Valor: 20
2023-04-02 18:55:39.802 INFO main - button_clicked: Botón 3 pulsado.
2023-04-02 18:56:17.885 WARNING main - <module>: Inicio GeneticLog write!!!
2023-04-02 18:56:17.897 INFO main - display: Valor: 20
2023-04-02 18:56:17.898 INFO main - button_clicked: Botón 3 pulsado.
2023-04-02 18:57:08.082 WARNING main - <module>: Inicio GeneticLog write!!!
2023-04-02 18:57:08.095 INFO main - display: Valor: 20
2023-04-02 18:57:08.095 INFO main - button_clicked: Botón 3 pulsado.
2023-04-02 18:57:33.946 WARNING main - <module>: Inicio GeneticLog write!!!
2023-04-02 18:57:56.988 WARNING main - <module>: Inicio GeneticLog write!!!
2023-04-02 18:57:57.000 INFO main - display: Valor: 20
2023-04-02 18:57:57.001 INFO main - button_clicked: Botón 3 pulsado.
2023-04-02 18:58:38.171 WARNING main - <module>: Inicio GeneticLog write!!!
2023-04-02 19:04:02.126 WARNING main - <module>: Inicio GeneticLog write!!!
2023-04-02 19:07:30.903 WARNING main - <module>: Inicio GeneticLog write!!!
2023-04-02 19:08:22.199 WARNING main - <module>: Inicio GeneticLog write!!!
2023-04-02 19:09:13.372 WARNING main - <module>: Inicio GeneticLog write!!!
2023-04-02 19:09:13.384 INFO main - display: Valor: 20
2023-04-02 19:09:13.384 INFO main - button_clicked: Botón 3 pulsado.
2023-04-02 19:10:24.530 WARNING main - <module>: Inicio GeneticLog write!!!
2023-04-02 19:10:24.543 INFO main - display: Valor: 20
2023-04-02 19:10:24.543 INFO main - button_clicked: Botón 3 pulsado.
2023-04-02 19:10:52.538 WARNING main - <module>: Inicio GeneticLog write!!!
2023-04-02 19:10:52.550 INFO main - display: Valor: 20
2023-04-02 19:10:52.550 INFO main - button_clicked: Botón 3 pulsado.
2023-04-02 19:13:46.271 WARNING main - <module>: Inicio GeneticLog write!!!
2023-04-02 19:13:46.284 INFO main - display: Valor: 20
2023-04-02 19:13:46.284 INFO main - button_clicked: Botón 3 pulsado.
2023-04-02 19:18:54.821 WARNING main - <module>: Inicio GeneticLog write!!!
2023-04-02 19:18:54.837 INFO main - display: Valor: 20
2023-04-02 19:18:54.838 INFO main - button_clicked: Botón 3 pulsado.
2023-04-02 19:21:47.471 WARNING main - <module>: Inicio GeneticLog write!!!
2023-04-02 19:21:47.484 INFO main - display: Valor: 20
2023-04-02 19:21:47.484 INFO main - button_clicked: Botón 3 pulsado.
2023-04-02 19:23:43.658 WARNING main - <module>: Inicio GeneticLog write!!!
2023-04-02 19:24:28.588 WARNING main - <module>: Inicio GeneticLog write!!!
2023-04-02 19:24:28.601 INFO main - display: Valor: 20
2023-04-02 19:24:28.601 INFO main - button_clicked: Botón 3 pulsado.
2023-04-02 20:21:38.481 WARNING main - <module>: Inicio GeneticLog write!!!
2023-04-02 20:21:38.495 INFO main - display: Valor: 20
2023-04-02 20:21:38.495 INFO main - button_clicked: Botón 3 pulsado.
2023-04-02 23:30:05.032 WARNING main - <module>: Inicio GeneticLog write!!!
2023-04-02 23:30:25.416 INFO main - <module>: 
2023-04-02 23:30:25.442 INFO main - <module>: Generation (out of 250): 0 
2023-04-02 23:30:41.603 WARNING main - <module>: Inicio GeneticLog write!!!
2023-04-02 23:35:35.864 WARNING main - <module>: Inicio GeneticLog write!!!
2023-04-02 23:35:49.808 INFO main - display: Valor: 40
2023-04-02 23:35:51.024 INFO main - display: Valor: 40
2023-04-02 23:35:51.462 INFO main - display: Valor: 40
2023-04-02 23:35:52.785 INFO main - display: Valor: 60
2023-04-02 23:35:53.910 INFO main - display: Valor: 60
2023-04-02 23:35:57.647 INFO main - display: Valor: 80
2023-04-02 23:35:59.494 INFO main - button_clicked: Botón 3 pulsado.
2023-04-02 23:36:15.909 INFO main - <module>: 
2023-04-02 23:36:15.933 INFO main - <module>: Generation (out of 250): 0 
2023-04-02 23:54:02.492 WARNING main - <module>: Inicio GeneticLog write!!!
2023-04-03 00:11:39.216 WARNING main - <module>: Inicio GeneticLog write!!!
2023-04-03 00:11:44.890 INFO main - display: Valor: 0
2023-04-03 00:11:45.923 INFO main - button_clicked: Botón 3 pulsado.
2023-04-03 00:11:46.564 INFO main - button_clicked: Botón 3 pulsado.
2023-04-03 00:11:47.596 INFO main - button_clicked: Botón 3 pulsado.
2023-04-03 00:33:30.954 WARNING main - <module>: Inicio GeneticLog write!!!
2023-04-03 00:33:45.168 INFO main - <module>: 
2023-04-03 00:33:45.187 INFO main - <module>: Generation (out of 250): 0 
2023-12-13 11:59:06.428 WARNING main - <module>: Inicio GeneticLog write!!!
2024-02-06 15:47:39.104 WARNING main - <module>: Inicio GeneticLog write!!!
2024-02-06 16:21:32.018 WARNING main - <module>: Inicio GeneticLog write!!!
2024-02-06 16:22:55.215 WARNING main - <module>: Inicio GeneticLog write!!!
2024-02-06 16:26:22.590 WARNING main - <module>: Inicio GeneticLog write!!!
2024-02-06 16:26:58.624 WARNING main - <module>: Inicio GeneticLog write!!!
2024-02-06 16:27:21.237 WARNING main - <module>: Inicio GeneticLog write!!!
2024-02-06 16:30:38.936 WARNING main - <module>: Inicio GeneticLog write!!!
2024-02-06 16:30:49.328 WARNING main - <module>: Inicio GeneticLog write!!!
2024-02-06 16:30:49.329 INFO main - <module>: Successfully Connected to SQLite
2024-02-06 16:30:58.398 INFO main - button_clicked: Botón 3 pulsado.
2024-02-06 16:30:59.130 INFO main - button_clicked: Botón 3 pulsado.
2024-02-06 16:31:01.152 INFO main - <module>: The SQLite connection is closed
2024-02-06 16:31:01.152 INFO main - <module>: 
2024-02-06 16:31:01.159 INFO main - <module>: Generation (out of 250): 0 
